<?xml version="1.0" encoding="UTF-8"?>
<testsuite xmlns:xsi="http://www.w3.org/2001/XMLSchema-instance" xsi:noNamespaceSchemaLocation="https://maven.apache.org/surefire/maven-surefire-plugin/xsd/surefire-test-report-3.0.xsd" version="3.0" name="com.fitdesk.FitDeskApplicationTests" time="12.115" tests="1" errors="0" skipped="0" failures="0">
  <properties>
[...]
</properties>
  <testcase name="contextLoads" classname="com.fitdesk.FitDeskApplicationTests" time="0.913">
    <system-out><![CDATA[23:57:30.890 [main] INFO org.springframework.test.context.support.AnnotationConfigContextLoaderUtils -- Could not detect default configuration classes for test class [com.fitdesk.FitDeskApplicationTests]: FitDeskApplicationTests does not declare any static, non-private, non-final, nested classes annotated with @Configuration.
23:57:31.080 [main] INFO org.springframework.boot.test.context.SpringBootTestContextBootstrapper -- Found @SpringBootConfiguration com.fitdesk.FitDeskApplication for test class com.fitdesk.FitDeskApplicationTests

  .   ____          _            __ _ _
 /\\ / ___'_ __ _ _(_)_ __  __ _ \ \ \ \
( ( )\___ | '_ | '_| | '_ \/ _` | \ \ \ \
 \\/  ___)| |_)| | | | | || (_| |  ) ) ) )
  '  |____| .__|_| |_|_| |_\__, | / / / /
 =========|_|==============|___/=/_/_/_/
 :: Spring Boot ::                (v3.2.5)

2026-08-05T23:57:31.798+05:30  INFO 15156 --- [           main] com.fitdesk.FitDeskApplicationTests      : Starting FitDeskApplicationTests using Java 21.0.12 with PID 15156 (started by VAIBHAV in C:\Users\VAIBHAV\Documents\GYM Management\fitdesk)
2026-08-05T23:57:31.800+05:30 DEBUG 15156 --- [           main] com.fitdesk.FitDeskApplicationTests      : Running with Spring Boot v3.2.5, Spring v6.1.6
2026-08-05T23:57:31.803+05:30  INFO 15156 --- [           main] com.fitdesk.FitDeskApplicationTests      : No active profile set, falling back to 1 default profile: "default"
2026-08-05T23:57:33.330+05:30  INFO 15156 --- [           main] .s.d.r.c.RepositoryConfigurationDelegate : Bootstrapping Spring Data JPA repositories in DEFAULT mode.
2026-08-05T23:57:33.490+05:30  INFO 15156 --- [           main] .s.d.r.c.RepositoryConfigurationDelegate : Finished Spring Data repository scanning in 143 ms. Found 6 JPA repository interfaces.
2026-08-05T23:57:34.290+05:30  INFO 15156 --- [           main] o.hibernate.jpa.internal.util.LogHelper  : HHH000204: Processing PersistenceUnitInfo [name: default]
2026-08-05T23:57:34.438+05:30  INFO 15156 --- [           main] org.hibernate.Version                    : HHH000412: Hibernate ORM core version 6.4.4.Final
2026-08-05T23:57:34.520+05:30  INFO 15156 --- [           main] o.h.c.internal.RegionFactoryInitiator    : HHH000026: Second-level cache disabled
2026-08-05T23:57:35.110+05:30  INFO 15156 --- [           main] o.s.o.j.p.SpringPersistenceUnitInfo      : No LoadTimeWeaver setup: ignoring JPA class transformer
2026-08-05T23:57:35.179+05:30  INFO 15156 --- [           main] com.zaxxer.hikari.HikariDataSource       : HikariPool-1 - Starting...
2026-08-05T23:57:35.702+05:30  INFO 15156 --- [           main] com.zaxxer.hikari.pool.HikariPool        : HikariPool-1 - Added connection com.mysql.cj.jdbc.ConnectionImpl@36d697ab
2026-08-05T23:57:35.705+05:30  INFO 15156 --- [           main] com.zaxxer.hikari.HikariDataSource       : HikariPool-1 - Start completed.
2026-08-05T23:57:35.837+05:30  WARN 15156 --- [           main] org.hibernate.orm.deprecation            : HHH90000025: MySQLDialect does not need to be specified explicitly using 'hibernate.dialect' (remove the property setting and it will be selected by default)
2026-08-05T23:57:37.539+05:30  INFO 15156 --- [           main] o.h.e.t.j.p.i.JtaPlatformInitiator       : HHH000489: No JTA platform available (set 'hibernate.transaction.jta.platform' to enable JTA platform integration)
Hibernate: 
    create table admin_users (
        id bigint not null auto_increment,
        created_at datetime(6),
        email varchar(100) not null,
        full_name varchar(100) not null,
        password_hash varchar(255) not null,
        role varchar(20) not null,
        username varchar(50) not null,
        primary key (id)
    ) engine=InnoDB
Hibernate: 
    create table attendance (
        id bigint not null auto_increment,
        check_in datetime(6) not null,
        check_out datetime(6),
        member_id bigint not null,
        primary key (id)
    ) engine=InnoDB
Hibernate: 
    create table members (
        id bigint not null auto_increment,
        created_at datetime(6),
        date_of_birth date,
        email varchar(100) not null,
        full_name varchar(100) not null,
        gender varchar(10),
        join_date date not null,
        phone varchar(15),
        photo_url varchar(255),
        plan_end_date date,
        plan_start_date date,
        status varchar(20),
        plan_id bigint,
        trainer_id bigint,
        primary key (id)
    ) engine=InnoDB
Hibernate: 
    create table payments (
        id bigint not null auto_increment,
        amount decimal(10,2) not null,
        created_at datetime(6),
        payment_date date not null,
        payment_method varchar(20) not null,
        status varchar(20),
        member_id bigint not null,
        primary key (id)
    ) engine=InnoDB
Hibernate: 
    create table plans (
        id bigint not null auto_increment,
        created_at datetime(6),
        description TEXT,
        duration_months integer not null,
        is_active bit,
        name varchar(100) not null,
        price decimal(10,2) not null,
        primary key (id)
    ) engine=InnoDB
Hibernate: 
    create table trainers (
        id bigint not null auto_increment,
        created_at datetime(6),
        email varchar(100) not null,
        full_name varchar(100) not null,
        join_date date not null,
        phone varchar(15),
        salary decimal(10,2),
        specialization varchar(100),
        status varchar(20),
        primary key (id)
    ) engine=InnoDB
Hibernate: 
    alter table admin_users 
       drop index UK_cp8822350s9vtyww7xdbgeuvu
Hibernate: 
    alter table admin_users 
       add constraint UK_cp8822350s9vtyww7xdbgeuvu unique (email)
Hibernate: 
    alter table admin_users 
       drop index UK_3fgxk4ewgaxgtgvqwb1jjudj6
Hibernate: 
    alter table admin_users 
       add constraint UK_3fgxk4ewgaxgtgvqwb1jjudj6 unique (username)
Hibernate: 
    alter table members 
       drop index UK_9d30a9u1qpg8eou0otgkwrp5d
Hibernate: 
    alter table members 
       add constraint UK_9d30a9u1qpg8eou0otgkwrp5d unique (email)
Hibernate: 
    alter table trainers 
       drop index UK_p760ma5h90yjnu0s0c94jawyb
Hibernate: 
    alter table trainers 
       add constraint UK_p760ma5h90yjnu0s0c94jawyb unique (email)
Hibernate: 
    alter table attendance 
       add constraint FK7rj8q8pe272ib4mrpiudofhgy 
       foreign key (member_id) 
       references members (id)
Hibernate: 
    alter table members 
       add constraint FKlx57kf8sgvdptdd9v60c4134h 
       foreign key (plan_id) 
       references plans (id)
Hibernate: 
    alter table members 
       add constraint FKpuumgrbmt270og5275pwltnq 
       foreign key (trainer_id) 
       references trainers (id)
Hibernate: 
    alter table payments 
       add constraint FKtvbq19graff4nnoqpngbe762 
       foreign key (member_id) 
       references members (id)
2026-08-05T23:57:38.416+05:30  INFO 15156 --- [           main] j.LocalContainerEntityManagerFactoryBean : Initialized JPA EntityManagerFactory for persistence unit 'default'
2026-08-05T23:57:39.026+05:30  INFO 15156 --- [           main] o.s.d.j.r.query.QueryEnhancerFactory     : Hibernate is in classpath; If applicable, HQL parser will be used.
2026-08-05T23:57:40.217+05:30  WARN 15156 --- [           main] JpaBaseConfiguration$JpaWebConfiguration : spring.jpa.open-in-view is enabled by default. Therefore, database queries may be performed during view rendering. Explicitly configure spring.jpa.open-in-view to disable this warning
2026-08-05T23:57:40.252+05:30 DEBUG 15156 --- [           main] swordEncoderAuthenticationManagerBuilder : No authenticationProviders and no parentAuthenticationManager defined. Returning null.
2026-08-05T23:57:40.410+05:30  INFO 15156 --- [           main] o.s.b.a.w.s.WelcomePageHandlerMapping    : Adding welcome page: class path resource [static/index.html]
2026-08-05T23:57:40.762+05:30  INFO 15156 --- [           main] o.s.s.web.DefaultSecurityFilterChain     : Will secure any request with [org.springframework.security.web.session.DisableEncodeUrlFilter@709de434, org.springframework.security.web.context.request.async.WebAsyncManagerIntegrationFilter@551566a, org.springframework.security.web.context.SecurityContextHolderFilter@2213c8fe, org.springframework.security.web.header.HeaderWriterFilter@7e3cea61, org.springframework.web.filter.CorsFilter@3e3b5ff5, org.springframework.security.web.authentication.logout.LogoutFilter@a9f4621, com.fitdesk.config.JwtAuthFilter@279afa4e, org.springframework.security.web.savedrequest.RequestCacheAwareFilter@1db30771, org.springframework.security.web.servletapi.SecurityContextHolderAwareRequestFilter@76fc11ab, org.springframework.security.web.authentication.AnonymousAuthenticationFilter@2078869b, org.springframework.security.web.session.SessionManagementFilter@7d726fa1, org.springframework.security.web.access.ExceptionTranslationFilter@7e3f4f0, org.springframework.security.web.access.intercept.AuthorizationFilter@6b13d558]
2026-08-05T23:57:41.212+05:30  INFO 15156 --- [           main] com.fitdesk.FitDeskApplicationTests      : Started FitDeskApplicationTests in 9.853 seconds (process running for 11.412)
Hibernate: 
    select
        count(*) 
    from
        admin_users au1_0
Hibernate: 
    insert 
    into
        admin_users
        (created_at, email, full_name, password_hash, role, username) 
    values
        (?, ?, ?, ?, ?, ?)
Hibernate: 
    insert 
    into
        plans
        (created_at, description, duration_months, is_active, name, price) 
    values
        (?, ?, ?, ?, ?, ?)
Hibernate: 
    insert 
    into
        plans
        (created_at, description, duration_months, is_active, name, price) 
    values
        (?, ?, ?, ?, ?, ?)
Hibernate: 
    insert 
    into
        plans
        (created_at, description, duration_months, is_active, name, price) 
    values
        (?, ?, ?, ?, ?, ?)
Hibernate: 
    insert 
    into
        trainers
        (created_at, email, full_name, join_date, phone, salary, specialization, status) 
    values
        (?, ?, ?, ?, ?, ?, ?, ?)
Hibernate: 
    insert 
    into
        trainers
        (created_at, email, full_name, join_date, phone, salary, specialization, status) 
    values
        (?, ?, ?, ?, ?, ?, ?, ?)
Hibernate: 
    insert 
    into
        trainers
        (created_at, email, full_name, join_date, phone, salary, specialization, status) 
    values
        (?, ?, ?, ?, ?, ?, ?, ?)
Hibernate: 
    insert 
    into
        trainers
        (created_at, email, full_name, join_date, phone, salary, specialization, status) 
    values
        (?, ?, ?, ?, ?, ?, ?, ?)
Hibernate: 
    insert 
    into
        trainers
        (created_at, email, full_name, join_date, phone, salary, specialization, status) 
    values
        (?, ?, ?, ?, ?, ?, ?, ?)
Hibernate: 
    insert 
    into
        trainers
        (created_at, email, full_name, join_date, phone, salary, specialization, status) 
    values
        (?, ?, ?, ?, ?, ?, ?, ?)
Hibernate: 
    insert 
    into
        trainers
        (created_at, email, full_name, join_date, phone, salary, specialization, status) 
    values
        (?, ?, ?, ?, ?, ?, ?, ?)
Hibernate: 
    insert 
    into
        trainers
        (created_at, email, full_name, join_date, phone, salary, specialization, status) 
    values
        (?, ?, ?, ?, ?, ?, ?, ?)
Hibernate: 
    insert 
    into
        members
        (created_at, date_of_birth, email, full_name, gender, join_date, phone, photo_url, plan_id, plan_end_date, plan_start_date, status, trainer_id) 
    values
        (?, ?, ?, ?, ?, ?, ?, ?, ?, ?, ?, ?, ?)
Hibernate: 
    insert 
    into
        members
        (created_at, date_of_birth, email, full_name, gender, join_date, phone, photo_url, plan_id, plan_end_date, plan_start_date, status, trainer_id) 
    values
        (?, ?, ?, ?, ?, ?, ?, ?, ?, ?, ?, ?, ?)
Hibernate: 
    insert 
    into
        members
        (created_at, date_of_birth, email, full_name, gender, join_date, phone, photo_url, plan_id, plan_end_date, plan_start_date, status, trainer_id) 
    values
        (?, ?, ?, ?, ?, ?, ?, ?, ?, ?, ?, ?, ?)
Hibernate: 
    insert 
    into
        members
        (created_at, date_of_birth, email, full_name, gender, join_date, phone, photo_url, plan_id, plan_end_date, plan_start_date, status, trainer_id) 
    values
        (?, ?, ?, ?, ?, ?, ?, ?, ?, ?, ?, ?, ?)
Hibernate: 
    insert 
    into
        members
        (created_at, date_of_birth, email, full_name, gender, join_date, phone, photo_url, plan_id, plan_end_date, plan_start_date, status, trainer_id) 
    values
        (?, ?, ?, ?, ?, ?, ?, ?, ?, ?, ?, ?, ?)
Hibernate: 
    insert 
    into
        members
        (created_at, date_of_birth, email, full_name, gender, join_date, phone, photo_url, plan_id, plan_end_date, plan_start_date, status, trainer_id) 
    values
        (?, ?, ?, ?, ?, ?, ?, ?, ?, ?, ?, ?, ?)
Hibernate: 
    insert 
    into
        members
        (created_at, date_of_birth, email, full_name, gender, join_date, phone, photo_url, plan_id, plan_end_date, plan_start_date, status, trainer_id) 
    values
        (?, ?, ?, ?, ?, ?, ?, ?, ?, ?, ?, ?, ?)
Hibernate: 
    insert 
    into
        members
        (created_at, date_of_birth, email, full_name, gender, join_date, phone, photo_url, plan_id, plan_end_date, plan_start_date, status, trainer_id) 
    values
        (?, ?, ?, ?, ?, ?, ?, ?, ?, ?, ?, ?, ?)
Hibernate: 
    insert 
    into
        members
        (created_at, date_of_birth, email, full_name, gender, join_date, phone, photo_url, plan_id, plan_end_date, plan_start_date, status, trainer_id) 
    values
        (?, ?, ?, ?, ?, ?, ?, ?, ?, ?, ?, ?, ?)
Hibernate: 
    insert 
    into
        members
        (created_at, date_of_birth, email, full_name, gender, join_date, phone, photo_url, plan_id, plan_end_date, plan_start_date, status, trainer_id) 
    values
        (?, ?, ?, ?, ?, ?, ?, ?, ?, ?, ?, ?, ?)
Hibernate: 
    insert 
    into
        payments
        (amount, created_at, member_id, payment_date, payment_method, status) 
    values
        (?, ?, ?, ?, ?, ?)
Hibernate: 
    insert 
    into
        payments
        (amount, created_at, member_id, payment_date, payment_method, status) 
    values
        (?, ?, ?, ?, ?, ?)
Hibernate: 
    insert 
    into
        payments
        (amount, created_at, member_id, payment_date, payment_method, status) 
    values
        (?, ?, ?, ?, ?, ?)
Hibernate: 
    insert 
    into
        payments
        (amount, created_at, member_id, payment_date, payment_method, status) 
    values
        (?, ?, ?, ?, ?, ?)
Hibernate: 
    insert 
    into
        payments
        (amount, created_at, member_id, payment_date, payment_method, status) 
    values
        (?, ?, ?, ?, ?, ?)
Hibernate: 
    insert 
    into
        payments
        (amount, created_at, member_id, payment_date, payment_method, status) 
    values
        (?, ?, ?, ?, ?, ?)
Hibernate: 
    insert 
    into
        payments
        (amount, created_at, member_id, payment_date, payment_method, status) 
    values
        (?, ?, ?, ?, ?, ?)
Hibernate: 
    insert 
    into
        payments
        (amount, created_at, member_id, payment_date, payment_method, status) 
    values
        (?, ?, ?, ?, ?, ?)
Hibernate: 
    insert 
    into
        payments
        (amount, created_at, member_id, payment_date, payment_method, status) 
    values
        (?, ?, ?, ?, ?, ?)
Hibernate: 
    insert 
    into
        payments
        (amount, created_at, member_id, payment_date, payment_method, status) 
    values
        (?, ?, ?, ?, ?, ?)
Hibernate: 
    insert 
    into
        payments
        (amount, created_at, member_id, payment_date, payment_method, status) 
    values
        (?, ?, ?, ?, ?, ?)
Hibernate: 
    insert 
    into
        payments
        (amount, created_at, member_id, payment_date, payment_method, status) 
    values
        (?, ?, ?, ?, ?, ?)
Hibernate: 
    insert 
    into
        payments
        (amount, created_at, member_id, payment_date, payment_method, status) 
    values
        (?, ?, ?, ?, ?, ?)
Hibernate: 
    insert 
    into
        payments
        (amount, created_at, member_id, payment_date, payment_method, status) 
    values
        (?, ?, ?, ?, ?, ?)
Hibernate: 
    insert 
    into
        payments
        (amount, created_at, member_id, payment_date, payment_method, status) 
    values
        (?, ?, ?, ?, ?, ?)
Hibernate: 
    insert 
    into
        payments
        (amount, created_at, member_id, payment_date, payment_method, status) 
    values
        (?, ?, ?, ?, ?, ?)
Hibernate: 
    insert 
    into
        payments
        (amount, created_at, member_id, payment_date, payment_method, status) 
    values
        (?, ?, ?, ?, ?, ?)
Hibernate: 
    insert 
    into
        payments
        (amount, created_at, member_id, payment_date, payment_method, status) 
    values
        (?, ?, ?, ?, ?, ?)
Hibernate: 
    insert 
    into
        payments
        (amount, created_at, member_id, payment_date, payment_method, status) 
    values
        (?, ?, ?, ?, ?, ?)
Hibernate: 
    insert 
    into
        payments
        (amount, created_at, member_id, payment_date, payment_method, status) 
    values
        (?, ?, ?, ?, ?, ?)
Hibernate: 
    insert 
    into
        payments
        (amount, created_at, member_id, payment_date, payment_method, status) 
    values
        (?, ?, ?, ?, ?, ?)
Hibernate: 
    insert 
    into
        payments
        (amount, created_at, member_id, payment_date, payment_method, status) 
    values
        (?, ?, ?, ?, ?, ?)
Hibernate: 
    insert 
    into
        payments
        (amount, created_at, member_id, payment_date, payment_method, status) 
    values
        (?, ?, ?, ?, ?, ?)
Hibernate: 
    insert 
    into
        payments
        (amount, created_at, member_id, payment_date, payment_method, status) 
    values
        (?, ?, ?, ?, ?, ?)
Hibernate: 
    insert 
    into
        payments
        (amount, created_at, member_id, payment_date, payment_method, status) 
    values
        (?, ?, ?, ?, ?, ?)
Hibernate: 
    insert 
    into
        attendance
        (check_in, check_out, member_id) 
    values
        (?, ?, ?)
Hibernate: 
    insert 
    into
        attendance
        (check_in, check_out, member_id) 
    values
        (?, ?, ?)
Hibernate: 
    insert 
    into
        attendance
        (check_in, check_out, member_id) 
    values
        (?, ?, ?)
Hibernate: 
    insert 
    into
        attendance
        (check_in, check_out, member_id) 
    values
        (?, ?, ?)
Hibernate: 
    insert 
    into
        attendance
        (check_in, check_out, member_id) 
    values
        (?, ?, ?)
Hibernate: 
    insert 
    into
        attendance
        (check_in, check_out, member_id) 
    values
        (?, ?, ?)
Hibernate: 
    insert 
    into
        attendance
        (check_in, check_out, member_id) 
    values
        (?, ?, ?)
Hibernate: 
    insert 
    into
        attendance
        (check_in, check_out, member_id) 
    values
        (?, ?, ?)
Hibernate: 
    insert 
    into
        attendance
        (check_in, check_out, member_id) 
    values
        (?, ?, ?)
Hibernate: 
    insert 
    into
        attendance
        (check_in, check_out, member_id) 
    values
        (?, ?, ?)
Hibernate: 
    insert 
    into
        attendance
        (check_in, check_out, member_id) 
    values
        (?, ?, ?)
Hibernate: 
    insert 
    into
        attendance
        (check_in, check_out, member_id) 
    values
        (?, ?, ?)
Hibernate: 
    insert 
    into
        attendance
        (check_in, check_out, member_id) 
    values
        (?, ?, ?)
Hibernate: 
    insert 
    into
        attendance
        (check_in, check_out, member_id) 
    values
        (?, ?, ?)
Hibernate: 
    insert 
    into
        attendance
        (check_in, check_out, member_id) 
    values
        (?, ?, ?)
Hibernate: 
    insert 
    into
        attendance
        (check_in, check_out, member_id) 
    values
        (?, ?, ?)
Hibernate: 
    insert 
    into
        attendance
        (check_in, check_out, member_id) 
    values
        (?, ?, ?)
Hibernate: 
    insert 
    into
        attendance
        (check_in, check_out, member_id) 
    values
        (?, ?, ?)
Hibernate: 
    insert 
    into
        attendance
        (check_in, check_out, member_id) 
    values
        (?, ?, ?)
Hibernate: 
    insert 
    into
        attendance
        (check_in, check_out, member_id) 
    values
        (?, ?, ?)
Hibernate: 
    insert 
    into
        attendance
        (check_in, check_out, member_id) 
    values
        (?, ?, ?)
Hibernate: 
    insert 
    into
        attendance
        (check_in, check_out, member_id) 
    values
        (?, ?, ?)
Hibernate: 
    insert 
    into
        attendance
        (check_in, check_out, member_id) 
    values
        (?, ?, ?)
Hibernate: 
    insert 
    into
        attendance
        (check_in, check_out, member_id) 
    values
        (?, ?, ?)
Hibernate: 
    insert 
    into
        attendance
        (check_in, check_out, member_id) 
    values
        (?, ?, ?)
Hibernate: 
    insert 
    into
        attendance
        (check_in, check_out, member_id) 
    values
        (?, ?, ?)
Hibernate: 
    insert 
    into
        attendance
        (check_in, check_out, member_id) 
    values
        (?, ?, ?)
Hibernate: 
    insert 
    into
        attendance
        (check_in, check_out, member_id) 
    values
        (?, ?, ?)
Hibernate: 
    insert 
    into
        attendance
        (check_in, check_out, member_id) 
    values
        (?, ?, ?)
Hibernate: 
    insert 
    into
        attendance
        (check_in, check_out, member_id) 
    values
        (?, ?, ?)
Hibernate: 
    insert 
    into
        attendance
        (check_in, check_out, member_id) 
    values
        (?, ?, ?)
Hibernate: 
    insert 
    into
        attendance
        (check_in, check_out, member_id) 
    values
        (?, ?, ?)
Hibernate: 
    insert 
    into
        attendance
        (check_in, check_out, member_id) 
    values
        (?, ?, ?)
Hibernate: 
    insert 
    into
        attendance
        (check_in, check_out, member_id) 
    values
        (?, ?, ?)
Hibernate: 
    insert 
    into
        attendance
        (check_in, check_out, member_id) 
    values
        (?, ?, ?)
✅ FitDesk sample data seeded successfully!
]]></system-out>
    <system-err><![CDATA[WARNING: A Java agent has been loaded dynamically (C:\Users\VAIBHAV\.m2\repository\net\bytebuddy\byte-buddy-agent\1.14.13\byte-buddy-agent-1.14.13.jar)
WARNING: If a serviceability tool is in use, please run with -XX:+EnableDynamicAgentLoading to hide this warning
WARNING: If a serviceability tool is not in use, please run with -Djdk.instrument.traceUsage for more information
WARNING: Dynamic loading of agents will be disallowed by default in a future release
]]></system-err>
  </testcase>
</testsuite>